{"C:\\Users\\dasar\\OneDrive\\Documents\\New folder\\smartwill-india\\js\\wizard\\fsm.js": {"path":"C:\\Users\\dasar\\OneDrive\\Documents\\New folder\\smartwill-india\\js\\wizard\\fsm.js","statementMap":{"0":{"start":{"line":6,"column":27},"end":{"line":6,"column":28}},"1":{"start":{"line":8,"column":28},"end":{"line":15,"column":1}},"2":{"start":{"line":17,"column":26},"end":{"line":24,"column":1}},"3":{"start":{"line":26,"column":33},"end":{"line":35,"column":1}},"4":{"start":{"line":37,"column":33},"end":{"line":65,"column":1}},"5":{"start":{"line":72,"column":26},"end":{"line":74,"column":42}},"6":{"start":{"line":76,"column":28},"end":{"line":76,"column":62}},"7":{"start":{"line":78,"column":2},"end":{"line":80,"column":null}},"8":{"start":{"line":79,"column":4},"end":{"line":79,"column":null}},"9":{"start":{"line":82,"column":2},"end":{"line":86,"column":null}},"10":{"start":{"line":83,"column":19},"end":{"line":83,"column":36}},"11":{"start":{"line":84,"column":23},"end":{"line":84,"column":95}},"12":{"start":{"line":85,"column":4},"end":{"line":85,"column":null}},"13":{"start":{"line":88,"column":2},"end":{"line":95,"column":null}},"14":{"start":{"line":89,"column":16},"end":{"line":89,"column":50}},"15":{"start":{"line":90,"column":4},"end":{"line":92,"column":null}},"16":{"start":{"line":91,"column":6},"end":{"line":91,"column":null}},"17":{"start":{"line":93,"column":21},"end":{"line":93,"column":29}},"18":{"start":{"line":94,"column":4},"end":{"line":94,"column":null}},"19":{"start":{"line":97,"column":2},"end":{"line":115,"column":null}},"20":{"start":{"line":98,"column":16},"end":{"line":98,"column":50}},"21":{"start":{"line":99,"column":4},"end":{"line":101,"column":null}},"22":{"start":{"line":100,"column":6},"end":{"line":100,"column":null}},"23":{"start":{"line":103,"column":24},"end":{"line":103,"column":71}},"24":{"start":{"line":104,"column":4},"end":{"line":111,"column":null}},"25":{"start":{"line":105,"column":6},"end":{"line":110,"column":null}},"26":{"start":{"line":113,"column":21},"end":{"line":113,"column":29}},"27":{"start":{"line":114,"column":4},"end":{"line":114,"column":null}},"28":{"start":{"line":117,"column":2},"end":{"line":142,"column":null}},"29":{"start":{"line":118,"column":23},"end":{"line":118,"column":35}},"30":{"start":{"line":119,"column":23},"end":{"line":119,"column":107}},"31":{"start":{"line":120,"column":22},"end":{"line":120,"column":51}},"32":{"start":{"line":123,"column":4},"end":{"line":125,"column":null}},"33":{"start":{"line":124,"column":6},"end":{"line":124,"column":null}},"34":{"start":{"line":128,"column":4},"end":{"line":139,"column":null}},"35":{"start":{"line":128,"column":19},"end":{"line":128,"column":36}},"36":{"start":{"line":129,"column":23},"end":{"line":129,"column":38}},"37":{"start":{"line":130,"column":21},"end":{"line":130,"column":61}},"38":{"start":{"line":131,"column":6},"end":{"line":138,"column":null}},"39":{"start":{"line":132,"column":8},"end":{"line":137,"column":null}},"40":{"start":{"line":141,"column":4},"end":{"line":141,"column":null}},"41":{"start":{"line":144,"column":2},"end":{"line":144,"column":null}}},"fnMap":{"0":{"name":"evaluateTransition","decl":{"start":{"line":71,"column":16},"end":{"line":71,"column":34}},"loc":{"start":{"line":71,"column":100},"end":{"line":145,"column":null}},"line":71}},"branchMap":{"0":{"loc":{"start":{"line":71,"column":68},"end":{"line":71,"column":84}},"type":"default-arg","locations":[{"start":{"line":71,"column":82},"end":{"line":71,"column":84}}],"line":71},"1":{"loc":{"start":{"line":71,"column":86},"end":{"line":71,"column":98}},"type":"default-arg","locations":[{"start":{"line":71,"column":96},"end":{"line":71,"column":98}}],"line":71},"2":{"loc":{"start":{"line":72,"column":26},"end":{"line":74,"column":42}},"type":"cond-expr","locations":[{"start":{"line":73,"column":7},"end":{"line":73,"column":53}},{"start":{"line":74,"column":7},"end":{"line":74,"column":41}}],"line":72},"3":{"loc":{"start":{"line":73,"column":7},"end":{"line":73,"column":53}},"type":"binary-expr","locations":[{"start":{"line":73,"column":7},"end":{"line":73,"column":39}},{"start":{"line":73,"column":43},"end":{"line":73,"column":53}}],"line":73},"4":{"loc":{"start":{"line":74,"column":7},"end":{"line":74,"column":41}},"type":"binary-expr","locations":[{"start":{"line":74,"column":7},"end":{"line":74,"column":27}},{"start":{"line":74,"column":31},"end":{"line":74,"column":41}}],"line":74},"5":{"loc":{"start":{"line":76,"column":28},"end":{"line":76,"column":62}},"type":"binary-expr","locations":[{"start":{"line":76,"column":28},"end":{"line":76,"column":57}},{"start":{"line":76,"column":61},"end":{"line":76,"column":62}}],"line":76},"6":{"loc":{"start":{"line":78,"column":2},"end":{"line":80,"column":null}},"type":"if","locations":[{"start":{"line":78,"column":2},"end":{"line":80,"column":null}},{"start":{},"end":{}}],"line":78},"7":{"loc":{"start":{"line":78,"column":6},"end":{"line":78,"column":93}},"type":"binary-expr","locations":[{"start":{"line":78,"column":6},"end":{"line":78,"column":43}},{"start":{"line":78,"column":47},"end":{"line":78,"column":93}}],"line":78},"8":{"loc":{"start":{"line":82,"column":2},"end":{"line":86,"column":null}},"type":"if","locations":[{"start":{"line":82,"column":2},"end":{"line":86,"column":null}},{"start":{},"end":{}}],"line":82},"9":{"loc":{"start":{"line":83,"column":19},"end":{"line":83,"column":36}},"type":"binary-expr","locations":[{"start":{"line":83,"column":19},"end":{"line":83,"column":31}},{"start":{"line":83,"column":35},"end":{"line":83,"column":36}}],"line":83},"10":{"loc":{"start":{"line":84,"column":23},"end":{"line":84,"column":95}},"type":"cond-expr","locations":[{"start":{"line":84,"column":53},"end":{"line":84,"column":85}},{"start":{"line":84,"column":89},"end":{"line":84,"column":95}}],"line":84},"11":{"loc":{"start":{"line":84,"column":53},"end":{"line":84,"column":85}},"type":"binary-expr","locations":[{"start":{"line":84,"column":53},"end":{"line":84,"column":71}},{"start":{"line":84,"column":75},"end":{"line":84,"column":85}}],"line":84},"12":{"loc":{"start":{"line":85,"column":70},"end":{"line":85,"column":99}},"type":"binary-expr","locations":[{"start":{"line":85,"column":70},"end":{"line":85,"column":94}},{"start":{"line":85,"column":98},"end":{"line":85,"column":99}}],"line":85},"13":{"loc":{"start":{"line":88,"column":2},"end":{"line":95,"column":null}},"type":"if","locations":[{"start":{"line":88,"column":2},"end":{"line":95,"column":null}},{"start":{},"end":{}}],"line":88},"14":{"loc":{"start":{"line":90,"column":4},"end":{"line":92,"column":null}},"type":"if","locations":[{"start":{"line":90,"column":4},"end":{"line":92,"column":null}},{"start":{},"end":{}}],"line":90},"15":{"loc":{"start":{"line":90,"column":8},"end":{"line":90,"column":25}},"type":"binary-expr","locations":[{"start":{"line":90,"column":8},"end":{"line":90,"column":12}},{"start":{"line":90,"column":16},"end":{"line":90,"column":25}}],"line":90},"16":{"loc":{"start":{"line":97,"column":2},"end":{"line":115,"column":null}},"type":"if","locations":[{"start":{"line":97,"column":2},"end":{"line":115,"column":null}},{"start":{},"end":{}}],"line":97},"17":{"loc":{"start":{"line":99,"column":4},"end":{"line":101,"column":null}},"type":"if","locations":[{"start":{"line":99,"column":4},"end":{"line":101,"column":null}},{"start":{},"end":{}}],"line":99},"18":{"loc":{"start":{"line":99,"column":8},"end":{"line":99,"column":25}},"type":"binary-expr","locations":[{"start":{"line":99,"column":8},"end":{"line":99,"column":12}},{"start":{"line":99,"column":16},"end":{"line":99,"column":25}}],"line":99},"19":{"loc":{"start":{"line":104,"column":4},"end":{"line":111,"column":null}},"type":"if","locations":[{"start":{"line":104,"column":4},"end":{"line":111,"column":null}},{"start":{},"end":{}}],"line":104},"20":{"loc":{"start":{"line":117,"column":2},"end":{"line":142,"column":null}},"type":"if","locations":[{"start":{"line":117,"column":2},"end":{"line":142,"column":null}},{"start":{},"end":{}}],"line":117},"21":{"loc":{"start":{"line":119,"column":23},"end":{"line":119,"column":107}},"type":"cond-expr","locations":[{"start":{"line":119,"column":57},"end":{"line":119,"column":93}},{"start":{"line":119,"column":97},"end":{"line":119,"column":107}}],"line":119},"22":{"loc":{"start":{"line":119,"column":57},"end":{"line":119,"column":93}},"type":"binary-expr","locations":[{"start":{"line":119,"column":57},"end":{"line":119,"column":79}},{"start":{"line":119,"column":83},"end":{"line":119,"column":93}}],"line":119},"23":{"loc":{"start":{"line":120,"column":22},"end":{"line":120,"column":51}},"type":"binary-expr","locations":[{"start":{"line":120,"column":22},"end":{"line":120,"column":46}},{"start":{"line":120,"column":50},"end":{"line":120,"column":51}}],"line":120},"24":{"loc":{"start":{"line":123,"column":4},"end":{"line":125,"column":null}},"type":"if","locations":[{"start":{"line":123,"column":4},"end":{"line":125,"column":null}},{"start":{},"end":{}}],"line":123},"25":{"loc":{"start":{"line":131,"column":6},"end":{"line":138,"column":null}},"type":"if","locations":[{"start":{"line":131,"column":6},"end":{"line":138,"column":null}},{"start":{},"end":{}}],"line":131}},"s":{"0":2,"1":2,"2":2,"3":2,"4":2,"5":21,"6":21,"7":21,"8":1,"9":20,"10":3,"11":3,"12":3,"13":17,"14":3,"15":3,"16":1,"17":2,"18":2,"19":14,"20":8,"21":8,"22":1,"23":7,"24":7,"25":1,"26":6,"27":6,"28":6,"29":5,"30":5,"31":5,"32":5,"33":3,"34":2,"35":2,"36":5,"37":5,"38":5,"39":1,"40":1,"41":1},"f":{"0":21},"b":{"0":[21],"1":[21],"2":[6,15],"3":[6,1],"4":[15,1],"5":[21,0],"6":[1,20],"7":[21,20],"8":[3,17],"9":[3,1],"10":[2,1],"11":[2,0],"12":[3,0],"13":[3,14],"14":[1,2],"15":[3,3],"16":[8,6],"17":[1,7],"18":[8,8],"19":[1,6],"20":[5,1],"21":[4,1],"22":[4,0],"23":[5,0],"24":[3,2],"25":[1,4]},"meta":{"lastBranch":26,"lastFunction":1,"lastStatement":42,"seen":{"s:6:27:6:28":0,"s:8:28:15:1":1,"s:17:26:24:1":2,"s:26:33:35:1":3,"s:37:33:65:1":4,"f:71:16:71:34":0,"b:71:82:71:84":0,"b:71:96:71:98":1,"s:72:26:74:42":5,"b:73:7:73:53:74:7:74:41":2,"b:73:7:73:39:73:43:73:53":3,"b:74:7:74:27:74:31:74:41":4,"s:76:28:76:62":6,"b:76:28:76:57:76:61:76:62":5,"b:78:2:80:Infinity:undefined:undefined:undefined:undefined":6,"s:78:2:80:Infinity":7,"b:78:6:78:43:78:47:78:93":7,"s:79:4:79:Infinity":8,"b:82:2:86:Infinity:undefined:undefined:undefined:undefined":8,"s:82:2:86:Infinity":9,"s:83:19:83:36":10,"b:83:19:83:31:83:35:83:36":9,"s:84:23:84:95":11,"b:84:53:84:85:84:89:84:95":10,"b:84:53:84:71:84:75:84:85":11,"s:85:4:85:Infinity":12,"b:85:70:85:94:85:98:85:99":12,"b:88:2:95:Infinity:undefined:undefined:undefined:undefined":13,"s:88:2:95:Infinity":13,"s:89:16:89:50":14,"b:90:4:92:Infinity:undefined:undefined:undefined:undefined":14,"s:90:4:92:Infinity":15,"b:90:8:90:12:90:16:90:25":15,"s:91:6:91:Infinity":16,"s:93:21:93:29":17,"s:94:4:94:Infinity":18,"b:97:2:115:Infinity:undefined:undefined:undefined:undefined":16,"s:97:2:115:Infinity":19,"s:98:16:98:50":20,"b:99:4:101:Infinity:undefined:undefined:undefined:undefined":17,"s:99:4:101:Infinity":21,"b:99:8:99:12:99:16:99:25":18,"s:100:6:100:Infinity":22,"s:103:24:103:71":23,"b:104:4:111:Infinity:undefined:undefined:undefined:undefined":19,"s:104:4:111:Infinity":24,"s:105:6:110:Infinity":25,"s:113:21:113:29":26,"s:114:4:114:Infinity":27,"b:117:2:142:Infinity:undefined:undefined:undefined:undefined":20,"s:117:2:142:Infinity":28,"s:118:23:118:35":29,"s:119:23:119:107":30,"b:119:57:119:93:119:97:119:107":21,"b:119:57:119:79:119:83:119:93":22,"s:120:22:120:51":31,"b:120:22:120:46:120:50:120:51":23,"b:123:4:125:Infinity:undefined:undefined:undefined:undefined":24,"s:123:4:125:Infinity":32,"s:124:6:124:Infinity":33,"s:128:4:139:Infinity":34,"s:128:19:128:36":35,"s:129:23:129:38":36,"s:130:21:130:61":37,"b:131:6:138:Infinity:undefined:undefined:undefined:undefined":25,"s:131:6:138:Infinity":38,"s:132:8:137:Infinity":39,"s:141:4:141:Infinity":40,"s:144:2:144:Infinity":41},"fnNames":{}}}
,"C:\\Users\\dasar\\OneDrive\\Documents\\New folder\\smartwill-india\\js\\wizard\\guards.js": {"path":"C:\\Users\\dasar\\OneDrive\\Documents\\New folder\\smartwill-india\\js\\wizard\\guards.js","statementMap":{"0":{"start":{"line":5,"column":33},"end":{"line":15,"column":1}},"1":{"start":{"line":17,"column":27},"end":{"line":119,"column":1}},"2":{"start":{"line":19,"column":14},"end":{"line":19,"column":64}},"3":{"start":{"line":20,"column":21},"end":{"line":20,"column":46}},"4":{"start":{"line":21,"column":16},"end":{"line":21,"column":27}},"5":{"start":{"line":22,"column":18},"end":{"line":22,"column":47}},"6":{"start":{"line":23,"column":17},"end":{"line":23,"column":45}},"7":{"start":{"line":24,"column":21},"end":{"line":24,"column":50}},"8":{"start":{"line":25,"column":20},"end":{"line":25,"column":51}},"9":{"start":{"line":26,"column":19},"end":{"line":26,"column":48}},"10":{"start":{"line":27,"column":18},"end":{"line":27,"column":40}},"11":{"start":{"line":28,"column":18},"end":{"line":28,"column":40}},"12":{"start":{"line":29,"column":19},"end":{"line":29,"column":45}},"13":{"start":{"line":31,"column":4},"end":{"line":40,"column":null}},"14":{"start":{"line":32,"column":27},"end":{"line":38,"column":51}},"15":{"start":{"line":39,"column":6},"end":{"line":39,"column":null}},"16":{"start":{"line":42,"column":4},"end":{"line":44,"column":null}},"17":{"start":{"line":43,"column":6},"end":{"line":43,"column":null}},"18":{"start":{"line":46,"column":21},"end":{"line":46,"column":47}},"19":{"start":{"line":47,"column":4},"end":{"line":49,"column":null}},"20":{"start":{"line":48,"column":6},"end":{"line":48,"column":null}},"21":{"start":{"line":51,"column":4},"end":{"line":53,"column":null}},"22":{"start":{"line":52,"column":6},"end":{"line":52,"column":null}},"23":{"start":{"line":55,"column":4},"end":{"line":66,"column":null}},"24":{"start":{"line":56,"column":18},"end":{"line":56,"column":22}},"25":{"start":{"line":57,"column":6},"end":{"line":61,"column":null}},"26":{"start":{"line":57,"column":64},"end":{"line":57,"column":null}},"27":{"start":{"line":58,"column":11},"end":{"line":61,"column":null}},"28":{"start":{"line":58,"column":73},"end":{"line":58,"column":null}},"29":{"start":{"line":59,"column":11},"end":{"line":61,"column":null}},"30":{"start":{"line":59,"column":65},"end":{"line":59,"column":null}},"31":{"start":{"line":60,"column":11},"end":{"line":61,"column":null}},"32":{"start":{"line":60,"column":65},"end":{"line":60,"column":null}},"33":{"start":{"line":61,"column":11},"end":{"line":61,"column":null}},"34":{"start":{"line":61,"column":49},"end":{"line":61,"column":null}},"35":{"start":{"line":63,"column":6},"end":{"line":65,"column":null}},"36":{"start":{"line":64,"column":8},"end":{"line":64,"column":null}},"37":{"start":{"line":68,"column":4},"end":{"line":68,"column":null}},"38":{"start":{"line":72,"column":17},"end":{"line":72,"column":48}},"39":{"start":{"line":73,"column":4},"end":{"line":75,"column":null}},"40":{"start":{"line":74,"column":6},"end":{"line":74,"column":null}},"41":{"start":{"line":76,"column":4},"end":{"line":76,"column":null}},"42":{"start":{"line":80,"column":17},"end":{"line":80,"column":41}},"43":{"start":{"line":81,"column":4},"end":{"line":83,"column":null}},"44":{"start":{"line":82,"column":6},"end":{"line":82,"column":null}},"45":{"start":{"line":84,"column":4},"end":{"line":84,"column":null}},"46":{"start":{"line":88,"column":19},"end":{"line":88,"column":43}},"47":{"start":{"line":89,"column":4},"end":{"line":105,"column":null}},"48":{"start":{"line":90,"column":26},"end":{"line":90,"column":49}},"49":{"start":{"line":91,"column":23},"end":{"line":91,"column":91}},"50":{"start":{"line":91,"column":54},"end":{"line":91,"column":87}},"51":{"start":{"line":92,"column":6},"end":{"line":104,"column":null}},"52":{"start":{"line":93,"column":8},"end":{"line":103,"column":null}},"53":{"start":{"line":106,"column":4},"end":{"line":106,"column":null}},"54":{"start":{"line":110,"column":4},"end":{"line":112,"column":null}},"55":{"start":{"line":111,"column":6},"end":{"line":111,"column":null}},"56":{"start":{"line":113,"column":4},"end":{"line":113,"column":null}},"57":{"start":{"line":117,"column":4},"end":{"line":117,"column":null}},"58":{"start":{"line":125,"column":19},"end":{"line":127,"column":22}},"59":{"start":{"line":129,"column":16},"end":{"line":129,"column":37}},"60":{"start":{"line":130,"column":2},"end":{"line":130,"column":null}},"61":{"start":{"line":130,"column":14},"end":{"line":130,"column":null}},"62":{"start":{"line":131,"column":2},"end":{"line":131,"column":null}},"63":{"start":{"line":135,"column":14},"end":{"line":135,"column":110}},"64":{"start":{"line":136,"column":2},"end":{"line":136,"column":null}}},"fnMap":{"0":{"name":"(anonymous_0)","decl":{"start":{"line":18,"column":12},"end":{"line":18,"column":13}},"loc":{"start":{"line":18,"column":29},"end":{"line":69,"column":3}},"line":18},"1":{"name":"(anonymous_1)","decl":{"start":{"line":71,"column":17},"end":{"line":71,"column":18}},"loc":{"start":{"line":71,"column":34},"end":{"line":77,"column":3}},"line":71},"2":{"name":"(anonymous_2)","decl":{"start":{"line":79,"column":10},"end":{"line":79,"column":11}},"loc":{"start":{"line":79,"column":27},"end":{"line":85,"column":3}},"line":79},"3":{"name":"(anonymous_3)","decl":{"start":{"line":87,"column":14},"end":{"line":87,"column":15}},"loc":{"start":{"line":87,"column":31},"end":{"line":107,"column":3}},"line":87},"4":{"name":"(anonymous_4)","decl":{"start":{"line":91,"column":42},"end":{"line":91,"column":43}},"loc":{"start":{"line":91,"column":54},"end":{"line":91,"column":87}},"line":91},"5":{"name":"(anonymous_5)","decl":{"start":{"line":109,"column":12},"end":{"line":109,"column":13}},"loc":{"start":{"line":109,"column":29},"end":{"line":114,"column":3}},"line":109},"6":{"name":"(anonymous_6)","decl":{"start":{"line":116,"column":11},"end":{"line":116,"column":12}},"loc":{"start":{"line":116,"column":17},"end":{"line":118,"column":null}},"line":116},"7":{"name":"validateStepGuard","decl":{"start":{"line":124,"column":16},"end":{"line":124,"column":33}},"loc":{"start":{"line":124,"column":65},"end":{"line":132,"column":null}},"line":124},"8":{"name":"numberToStepName","decl":{"start":{"line":134,"column":9},"end":{"line":134,"column":25}},"loc":{"start":{"line":134,"column":31},"end":{"line":137,"column":null}},"line":134}},"branchMap":{"0":{"loc":{"start":{"line":19,"column":14},"end":{"line":19,"column":64}},"type":"binary-expr","locations":[{"start":{"line":19,"column":14},"end":{"line":19,"column":34}},{"start":{"line":19,"column":38},"end":{"line":19,"column":58}},{"start":{"line":19,"column":62},"end":{"line":19,"column":64}}],"line":19},"1":{"loc":{"start":{"line":20,"column":22},"end":{"line":20,"column":38}},"type":"binary-expr","locations":[{"start":{"line":20,"column":22},"end":{"line":20,"column":32}},{"start":{"line":20,"column":36},"end":{"line":20,"column":38}}],"line":20},"2":{"loc":{"start":{"line":21,"column":16},"end":{"line":21,"column":27}},"type":"binary-expr","locations":[{"start":{"line":21,"column":16},"end":{"line":21,"column":21}},{"start":{"line":21,"column":25},"end":{"line":21,"column":27}}],"line":21},"3":{"loc":{"start":{"line":22,"column":19},"end":{"line":22,"column":39}},"type":"binary-expr","locations":[{"start":{"line":22,"column":19},"end":{"line":22,"column":33}},{"start":{"line":22,"column":37},"end":{"line":22,"column":39}}],"line":22},"4":{"loc":{"start":{"line":23,"column":18},"end":{"line":23,"column":37}},"type":"binary-expr","locations":[{"start":{"line":23,"column":18},"end":{"line":23,"column":31}},{"start":{"line":23,"column":35},"end":{"line":23,"column":37}}],"line":23},"5":{"loc":{"start":{"line":24,"column":22},"end":{"line":24,"column":42}},"type":"binary-expr","locations":[{"start":{"line":24,"column":22},"end":{"line":24,"column":36}},{"start":{"line":24,"column":40},"end":{"line":24,"column":42}}],"line":24},"6":{"loc":{"start":{"line":25,"column":21},"end":{"line":25,"column":43}},"type":"binary-expr","locations":[{"start":{"line":25,"column":21},"end":{"line":25,"column":37}},{"start":{"line":25,"column":41},"end":{"line":25,"column":43}}],"line":25},"7":{"loc":{"start":{"line":26,"column":20},"end":{"line":26,"column":40}},"type":"binary-expr","locations":[{"start":{"line":26,"column":20},"end":{"line":26,"column":34}},{"start":{"line":26,"column":38},"end":{"line":26,"column":40}}],"line":26},"8":{"loc":{"start":{"line":27,"column":19},"end":{"line":27,"column":32}},"type":"binary-expr","locations":[{"start":{"line":27,"column":19},"end":{"line":27,"column":26}},{"start":{"line":27,"column":30},"end":{"line":27,"column":32}}],"line":27},"9":{"loc":{"start":{"line":28,"column":19},"end":{"line":28,"column":32}},"type":"binary-expr","locations":[{"start":{"line":28,"column":19},"end":{"line":28,"column":26}},{"start":{"line":28,"column":30},"end":{"line":28,"column":32}}],"line":28},"10":{"loc":{"start":{"line":29,"column":19},"end":{"line":29,"column":45}},"type":"binary-expr","locations":[{"start":{"line":29,"column":19},"end":{"line":29,"column":31}},{"start":{"line":29,"column":35},"end":{"line":29,"column":45}}],"line":29},"11":{"loc":{"start":{"line":31,"column":4},"end":{"line":40,"column":null}},"type":"if","locations":[{"start":{"line":31,"column":4},"end":{"line":40,"column":null}},{"start":{},"end":{}}],"line":31},"12":{"loc":{"start":{"line":31,"column":8},"end":{"line":31,"column":89}},"type":"binary-expr","locations":[{"start":{"line":31,"column":8},"end":{"line":31,"column":17}},{"start":{"line":31,"column":21},"end":{"line":31,"column":25}},{"start":{"line":31,"column":29},"end":{"line":31,"column":35}},{"start":{"line":31,"column":39},"end":{"line":31,"column":44}},{"start":{"line":31,"column":48},"end":{"line":31,"column":57}},{"start":{"line":31,"column":61},"end":{"line":31,"column":69}},{"start":{"line":31,"column":73},"end":{"line":31,"column":79}},{"start":{"line":31,"column":83},"end":{"line":31,"column":89}}],"line":31},"13":{"loc":{"start":{"line":32,"column":27},"end":{"line":38,"column":51}},"type":"cond-expr","locations":[{"start":{"line":32,"column":39},"end":{"line":32,"column":49}},{"start":{"line":33,"column":25},"end":{"line":38,"column":51}}],"line":32},"14":{"loc":{"start":{"line":33,"column":25},"end":{"line":38,"column":51}},"type":"cond-expr","locations":[{"start":{"line":33,"column":32},"end":{"line":33,"column":37}},{"start":{"line":34,"column":25},"end":{"line":38,"column":51}}],"line":33},"15":{"loc":{"start":{"line":34,"column":25},"end":{"line":38,"column":51}},"type":"cond-expr","locations":[{"start":{"line":34,"column":34},"end":{"line":34,"column":48}},{"start":{"line":35,"column":25},"end":{"line":38,"column":51}}],"line":34},"16":{"loc":{"start":{"line":35,"column":25},"end":{"line":38,"column":51}},"type":"cond-expr","locations":[{"start":{"line":35,"column":33},"end":{"line":35,"column":46}},{"start":{"line":36,"column":25},"end":{"line":38,"column":51}}],"line":35},"17":{"loc":{"start":{"line":36,"column":25},"end":{"line":38,"column":51}},"type":"cond-expr","locations":[{"start":{"line":36,"column":37},"end":{"line":36,"column":51}},{"start":{"line":37,"column":25},"end":{"line":38,"column":51}}],"line":36},"18":{"loc":{"start":{"line":37,"column":25},"end":{"line":38,"column":51}},"type":"cond-expr","locations":[{"start":{"line":37,"column":36},"end":{"line":37,"column":52}},{"start":{"line":38,"column":25},"end":{"line":38,"column":51}}],"line":37},"19":{"loc":{"start":{"line":38,"column":25},"end":{"line":38,"column":51}},"type":"cond-expr","locations":[{"start":{"line":38,"column":34},"end":{"line":38,"column":41}},{"start":{"line":38,"column":44},"end":{"line":38,"column":51}}],"line":38},"20":{"loc":{"start":{"line":42,"column":4},"end":{"line":44,"column":null}},"type":"if","locations":[{"start":{"line":42,"column":4},"end":{"line":44,"column":null}},{"start":{},"end":{}}],"line":42},"21":{"loc":{"start":{"line":47,"column":4},"end":{"line":49,"column":null}},"type":"if","locations":[{"start":{"line":47,"column":4},"end":{"line":49,"column":null}},{"start":{},"end":{}}],"line":47},"22":{"loc":{"start":{"line":51,"column":4},"end":{"line":53,"column":null}},"type":"if","locations":[{"start":{"line":51,"column":4},"end":{"line":53,"column":null}},{"start":{},"end":{}}],"line":51},"23":{"loc":{"start":{"line":55,"column":4},"end":{"line":66,"column":null}},"type":"if","locations":[{"start":{"line":55,"column":4},"end":{"line":66,"column":null}},{"start":{},"end":{}}],"line":55},"24":{"loc":{"start":{"line":57,"column":6},"end":{"line":61,"column":null}},"type":"if","locations":[{"start":{"line":57,"column":6},"end":{"line":61,"column":null}},{"start":{"line":58,"column":11},"end":{"line":61,"column":null}}],"line":57},"25":{"loc":{"start":{"line":57,"column":10},"end":{"line":57,"column":62}},"type":"binary-expr","locations":[{"start":{"line":57,"column":10},"end":{"line":57,"column":35}},{"start":{"line":57,"column":39},"end":{"line":57,"column":62}}],"line":57},"26":{"loc":{"start":{"line":58,"column":11},"end":{"line":61,"column":null}},"type":"if","locations":[{"start":{"line":58,"column":11},"end":{"line":61,"column":null}},{"start":{"line":59,"column":11},"end":{"line":61,"column":null}}],"line":58},"27":{"loc":{"start":{"line":58,"column":15},"end":{"line":58,"column":71}},"type":"binary-expr","locations":[{"start":{"line":58,"column":15},"end":{"line":58,"column":36}},{"start":{"line":58,"column":40},"end":{"line":58,"column":71}}],"line":58},"28":{"loc":{"start":{"line":59,"column":11},"end":{"line":61,"column":null}},"type":"if","locations":[{"start":{"line":59,"column":11},"end":{"line":61,"column":null}},{"start":{"line":60,"column":11},"end":{"line":61,"column":null}}],"line":59},"29":{"loc":{"start":{"line":59,"column":15},"end":{"line":59,"column":63}},"type":"binary-expr","locations":[{"start":{"line":59,"column":15},"end":{"line":59,"column":36}},{"start":{"line":59,"column":40},"end":{"line":59,"column":63}}],"line":59},"30":{"loc":{"start":{"line":60,"column":11},"end":{"line":61,"column":null}},"type":"if","locations":[{"start":{"line":60,"column":11},"end":{"line":61,"column":null}},{"start":{"line":61,"column":11},"end":{"line":61,"column":null}}],"line":60},"31":{"loc":{"start":{"line":60,"column":15},"end":{"line":60,"column":63}},"type":"binary-expr","locations":[{"start":{"line":60,"column":15},"end":{"line":60,"column":36}},{"start":{"line":60,"column":40},"end":{"line":60,"column":63}}],"line":60},"32":{"loc":{"start":{"line":61,"column":11},"end":{"line":61,"column":null}},"type":"if","locations":[{"start":{"line":61,"column":11},"end":{"line":61,"column":null}},{"start":{},"end":{}}],"line":61},"33":{"loc":{"start":{"line":63,"column":6},"end":{"line":65,"column":null}},"type":"if","locations":[{"start":{"line":63,"column":6},"end":{"line":65,"column":null}},{"start":{},"end":{}}],"line":63},"34":{"loc":{"start":{"line":72,"column":17},"end":{"line":72,"column":48}},"type":"binary-expr","locations":[{"start":{"line":72,"column":17},"end":{"line":72,"column":42}},{"start":{"line":72,"column":46},"end":{"line":72,"column":48}}],"line":72},"35":{"loc":{"start":{"line":73,"column":4},"end":{"line":75,"column":null}},"type":"if","locations":[{"start":{"line":73,"column":4},"end":{"line":75,"column":null}},{"start":{},"end":{}}],"line":73},"36":{"loc":{"start":{"line":73,"column":8},"end":{"line":73,"column":49}},"type":"binary-expr","locations":[{"start":{"line":73,"column":8},"end":{"line":73,"column":28}},{"start":{"line":73,"column":32},"end":{"line":73,"column":49}}],"line":73},"37":{"loc":{"start":{"line":80,"column":17},"end":{"line":80,"column":41}},"type":"binary-expr","locations":[{"start":{"line":80,"column":17},"end":{"line":80,"column":35}},{"start":{"line":80,"column":39},"end":{"line":80,"column":41}}],"line":80},"38":{"loc":{"start":{"line":81,"column":4},"end":{"line":83,"column":null}},"type":"if","locations":[{"start":{"line":81,"column":4},"end":{"line":83,"column":null}},{"start":{},"end":{}}],"line":81},"39":{"loc":{"start":{"line":81,"column":8},"end":{"line":81,"column":49}},"type":"binary-expr","locations":[{"start":{"line":81,"column":8},"end":{"line":81,"column":28}},{"start":{"line":81,"column":32},"end":{"line":81,"column":49}}],"line":81},"40":{"loc":{"start":{"line":88,"column":19},"end":{"line":88,"column":43}},"type":"binary-expr","locations":[{"start":{"line":88,"column":19},"end":{"line":88,"column":37}},{"start":{"line":88,"column":41},"end":{"line":88,"column":43}}],"line":88},"41":{"loc":{"start":{"line":90,"column":26},"end":{"line":90,"column":49}},"type":"binary-expr","locations":[{"start":{"line":90,"column":26},"end":{"line":90,"column":43}},{"start":{"line":90,"column":47},"end":{"line":90,"column":49}}],"line":90},"42":{"loc":{"start":{"line":91,"column":61},"end":{"line":91,"column":86}},"type":"binary-expr","locations":[{"start":{"line":91,"column":61},"end":{"line":91,"column":81}},{"start":{"line":91,"column":85},"end":{"line":91,"column":86}}],"line":91},"43":{"loc":{"start":{"line":92,"column":6},"end":{"line":104,"column":null}},"type":"if","locations":[{"start":{"line":92,"column":6},"end":{"line":104,"column":null}},{"start":{},"end":{}}],"line":92},"44":{"loc":{"start":{"line":99,"column":23},"end":{"line":99,"column":44}},"type":"binary-expr","locations":[{"start":{"line":99,"column":23},"end":{"line":99,"column":33}},{"start":{"line":99,"column":37},"end":{"line":99,"column":44}}],"line":99},"45":{"loc":{"start":{"line":100,"column":23},"end":{"line":100,"column":50}},"type":"binary-expr","locations":[{"start":{"line":100,"column":23},"end":{"line":100,"column":33}},{"start":{"line":100,"column":37},"end":{"line":100,"column":50}}],"line":100},"46":{"loc":{"start":{"line":110,"column":4},"end":{"line":112,"column":null}},"type":"if","locations":[{"start":{"line":110,"column":4},"end":{"line":112,"column":null}},{"start":{},"end":{}}],"line":110},"47":{"loc":{"start":{"line":125,"column":19},"end":{"line":127,"column":22}},"type":"cond-expr","locations":[{"start":{"line":126,"column":6},"end":{"line":126,"column":null}},{"start":{"line":127,"column":6},"end":{"line":127,"column":22}}],"line":125},"48":{"loc":{"start":{"line":130,"column":2},"end":{"line":130,"column":null}},"type":"if","locations":[{"start":{"line":130,"column":2},"end":{"line":130,"column":null}},{"start":{},"end":{}}],"line":130},"49":{"loc":{"start":{"line":136,"column":9},"end":{"line":136,"column":25}},"type":"binary-expr","locations":[{"start":{"line":136,"column":9},"end":{"line":136,"column":17}},{"start":{"line":136,"column":21},"end":{"line":136,"column":25}}],"line":136}},"s":{"0":3,"1":3,"2":23,"3":23,"4":23,"5":23,"6":23,"7":23,"8":23,"9":23,"10":23,"11":23,"12":23,"13":23,"14":10,"15":10,"16":13,"17":1,"18":12,"19":12,"20":1,"21":11,"22":1,"23":10,"24":6,"25":6,"26":1,"27":5,"28":1,"29":4,"30":1,"31":3,"32":1,"33":2,"34":1,"35":6,"36":5,"37":5,"38":7,"39":7,"40":2,"41":5,"42":3,"43":3,"44":1,"45":2,"46":3,"47":3,"48":3,"49":3,"50":5,"51":3,"52":1,"53":2,"54":3,"55":1,"56":2,"57":1,"58":16,"59":16,"60":16,"61":2,"62":14,"63":3,"64":3},"f":{"0":23,"1":7,"2":3,"3":3,"4":5,"5":3,"6":1,"7":16,"8":3},"b":{"0":[23,2,2],"1":[23,3],"2":[23,3],"3":[23,3],"4":[23,3],"5":[23,3],"6":[23,3],"7":[23,17],"8":[23,3],"9":[23,3],"10":[23,16],"11":[10,13],"12":[23,20,19,18,17,16,15,14],"13":[3,7],"14":[1,6],"15":[1,5],"16":[1,4],"17":[1,3],"18":[1,2],"19":[1,1],"20":[1,12],"21":[1,11],"22":[1,10],"23":[6,4],"24":[1,5],"25":[6,1],"26":[1,4],"27":[5,2],"28":[1,3],"29":[4,1],"30":[1,2],"31":[3,1],"32":[1,1],"33":[5,1],"34":[7,0],"35":[2,5],"36":[7,7],"37":[3,0],"38":[1,2],"39":[3,3],"40":[3,0],"41":[3,0],"42":[5,0],"43":[1,2],"44":[1,0],"45":[1,1],"46":[1,2],"47":[3,13],"48":[2,14],"49":[3,1]},"meta":{"lastBranch":50,"lastFunction":9,"lastStatement":65,"seen":{"s:5:33:15:1":0,"s:17:27:119:1":1,"f:18:12:18:13":0,"s:19:14:19:64":2,"b:19:14:19:34:19:38:19:58:19:62:19:64":0,"s:20:21:20:46":3,"b:20:22:20:32:20:36:20:38":1,"s:21:16:21:27":4,"b:21:16:21:21:21:25:21:27":2,"s:22:18:22:47":5,"b:22:19:22:33:22:37:22:39":3,"s:23:17:23:45":6,"b:23:18:23:31:23:35:23:37":4,"s:24:21:24:50":7,"b:24:22:24:36:24:40:24:42":5,"s:25:20:25:51":8,"b:25:21:25:37:25:41:25:43":6,"s:26:19:26:48":9,"b:26:20:26:34:26:38:26:40":7,"s:27:18:27:40":10,"b:27:19:27:26:27:30:27:32":8,"s:28:18:28:40":11,"b:28:19:28:26:28:30:28:32":9,"s:29:19:29:45":12,"b:29:19:29:31:29:35:29:45":10,"b:31:4:40:Infinity:undefined:undefined:undefined:undefined":11,"s:31:4:40:Infinity":13,"b:31:8:31:17:31:21:31:25:31:29:31:35:31:39:31:44:31:48:31:57:31:61:31:69:31:73:31:79:31:83:31:89":12,"s:32:27:38:51":14,"b:32:39:32:49:33:25:38:51":13,"b:33:32:33:37:34:25:38:51":14,"b:34:34:34:48:35:25:38:51":15,"b:35:33:35:46:36:25:38:51":16,"b:36:37:36:51:37:25:38:51":17,"b:37:36:37:52:38:25:38:51":18,"b:38:34:38:41:38:44:38:51":19,"s:39:6:39:Infinity":15,"b:42:4:44:Infinity:undefined:undefined:undefined:undefined":20,"s:42:4:44:Infinity":16,"s:43:6:43:Infinity":17,"s:46:21:46:47":18,"b:47:4:49:Infinity:undefined:undefined:undefined:undefined":21,"s:47:4:49:Infinity":19,"s:48:6:48:Infinity":20,"b:51:4:53:Infinity:undefined:undefined:undefined:undefined":22,"s:51:4:53:Infinity":21,"s:52:6:52:Infinity":22,"b:55:4:66:Infinity:undefined:undefined:undefined:undefined":23,"s:55:4:66:Infinity":23,"s:56:18:56:22":24,"b:57:6:61:Infinity:58:11:61:Infinity":24,"s:57:6:61:Infinity":25,"b:57:10:57:35:57:39:57:62":25,"s:57:64:57:Infinity":26,"b:58:11:61:Infinity:59:11:61:Infinity":26,"s:58:11:61:Infinity":27,"b:58:15:58:36:58:40:58:71":27,"s:58:73:58:Infinity":28,"b:59:11:61:Infinity:60:11:61:Infinity":28,"s:59:11:61:Infinity":29,"b:59:15:59:36:59:40:59:63":29,"s:59:65:59:Infinity":30,"b:60:11:61:Infinity:61:11:61:Infinity":30,"s:60:11:61:Infinity":31,"b:60:15:60:36:60:40:60:63":31,"s:60:65:60:Infinity":32,"b:61:11:61:Infinity:undefined:undefined:undefined:undefined":32,"s:61:11:61:Infinity":33,"s:61:49:61:Infinity":34,"b:63:6:65:Infinity:undefined:undefined:undefined:undefined":33,"s:63:6:65:Infinity":35,"s:64:8:64:Infinity":36,"s:68:4:68:Infinity":37,"f:71:17:71:18":1,"s:72:17:72:48":38,"b:72:17:72:42:72:46:72:48":34,"b:73:4:75:Infinity:undefined:undefined:undefined:undefined":35,"s:73:4:75:Infinity":39,"b:73:8:73:28:73:32:73:49":36,"s:74:6:74:Infinity":40,"s:76:4:76:Infinity":41,"f:79:10:79:11":2,"s:80:17:80:41":42,"b:80:17:80:35:80:39:80:41":37,"b:81:4:83:Infinity:undefined:undefined:undefined:undefined":38,"s:81:4:83:Infinity":43,"b:81:8:81:28:81:32:81:49":39,"s:82:6:82:Infinity":44,"s:84:4:84:Infinity":45,"f:87:14:87:15":3,"s:88:19:88:43":46,"b:88:19:88:37:88:41:88:43":40,"s:89:4:105:Infinity":47,"s:90:26:90:49":48,"b:90:26:90:43:90:47:90:49":41,"s:91:23:91:91":49,"f:91:42:91:43":4,"s:91:54:91:87":50,"b:91:61:91:81:91:85:91:86":42,"b:92:6:104:Infinity:undefined:undefined:undefined:undefined":43,"s:92:6:104:Infinity":51,"s:93:8:103:Infinity":52,"b:99:23:99:33:99:37:99:44":44,"b:100:23:100:33:100:37:100:50":45,"s:106:4:106:Infinity":53,"f:109:12:109:13":5,"b:110:4:112:Infinity:undefined:undefined:undefined:undefined":46,"s:110:4:112:Infinity":54,"s:111:6:111:Infinity":55,"s:113:4:113:Infinity":56,"f:116:11:116:12":6,"s:117:4:117:Infinity":57,"f:124:16:124:33":7,"s:125:19:127:22":58,"b:126:6:126:Infinity:127:6:127:22":47,"s:129:16:129:37":59,"b:130:2:130:Infinity:undefined:undefined:undefined:undefined":48,"s:130:2:130:Infinity":60,"s:130:14:130:Infinity":61,"s:131:2:131:Infinity":62,"f:134:9:134:25":8,"s:135:14:135:110":63,"s:136:2:136:Infinity":64,"b:136:9:136:17:136:21:136:25":49},"fnNames":{}}}
,"C:\\Users\\dasar\\OneDrive\\Documents\\New folder\\smartwill-india\\js\\wizard\\stateAdapter.js": {"path":"C:\\Users\\dasar\\OneDrive\\Documents\\New folder\\smartwill-india\\js\\wizard\\stateAdapter.js","statementMap":{"0":{"start":{"line":7,"column":19},"end":{"line":7,"column":29}},"1":{"start":{"line":8,"column":2},"end":{"line":24,"column":null}},"2":{"start":{"line":28,"column":16},"end":{"line":28,"column":18}},"3":{"start":{"line":29,"column":2},"end":{"line":31,"column":null}},"4":{"start":{"line":30,"column":4},"end":{"line":30,"column":null}},"5":{"start":{"line":32,"column":2},"end":{"line":34,"column":null}},"6":{"start":{"line":33,"column":4},"end":{"line":33,"column":null}},"7":{"start":{"line":35,"column":2},"end":{"line":35,"column":null}},"8":{"start":{"line":39,"column":2},"end":{"line":39,"column":null}},"9":{"start":{"line":43,"column":2},"end":{"line":43,"column":null}},"10":{"start":{"line":43,"column":37},"end":{"line":43,"column":null}},"11":{"start":{"line":45,"column":19},"end":{"line":47,"column":3}},"12":{"start":{"line":46,"column":4},"end":{"line":46,"column":null}},"13":{"start":{"line":49,"column":2},"end":{"line":49,"column":null}},"14":{"start":{"line":50,"column":2},"end":{"line":52,"column":null}},"15":{"start":{"line":51,"column":4},"end":{"line":51,"column":null}},"16":{"start":{"line":56,"column":2},"end":{"line":56,"column":null}},"17":{"start":{"line":60,"column":18},"end":{"line":67,"column":3}},"18":{"start":{"line":68,"column":2},"end":{"line":68,"column":null}}},"fnMap":{"0":{"name":"getWizardState","decl":{"start":{"line":6,"column":16},"end":{"line":6,"column":30}},"loc":{"start":{"line":6,"column":33},"end":{"line":25,"column":null}},"line":6},"1":{"name":"updateWizardUiState","decl":{"start":{"line":27,"column":16},"end":{"line":27,"column":35}},"loc":{"start":{"line":27,"column":69},"end":{"line":36,"column":null}},"line":27},"2":{"name":"updateWizardDomainState","decl":{"start":{"line":38,"column":16},"end":{"line":38,"column":39}},"loc":{"start":{"line":38,"column":77},"end":{"line":40,"column":null}},"line":38},"3":{"name":"subscribeWizardState","decl":{"start":{"line":42,"column":16},"end":{"line":42,"column":36}},"loc":{"start":{"line":42,"column":47},"end":{"line":53,"column":null}},"line":42},"4":{"name":"(anonymous_4)","decl":{"start":{"line":43,"column":44},"end":{"line":43,"column":45}},"loc":{"start":{"line":43,"column":50},"end":{"line":43,"column":52}},"line":43},"5":{"name":"(anonymous_5)","decl":{"start":{"line":45,"column":19},"end":{"line":45,"column":20}},"loc":{"start":{"line":45,"column":30},"end":{"line":47,"column":3}},"line":45},"6":{"name":"(anonymous_6)","decl":{"start":{"line":50,"column":9},"end":{"line":50,"column":10}},"loc":{"start":{"line":50,"column":15},"end":{"line":52,"column":3}},"line":50},"7":{"name":"resetWizardState","decl":{"start":{"line":55,"column":16},"end":{"line":55,"column":32}},"loc":{"start":{"line":55,"column":57},"end":{"line":57,"column":null}},"line":55},"8":{"name":"getStepNameFromNumber","decl":{"start":{"line":59,"column":9},"end":{"line":59,"column":30}},"loc":{"start":{"line":59,"column":36},"end":{"line":69,"column":null}},"line":59}},"branchMap":{"0":{"loc":{"start":{"line":10,"column":16},"end":{"line":10,"column":39}},"type":"binary-expr","locations":[{"start":{"line":10,"column":16},"end":{"line":10,"column":33}},{"start":{"line":10,"column":37},"end":{"line":10,"column":39}}],"line":10},"1":{"loc":{"start":{"line":11,"column":16},"end":{"line":11,"column":39}},"type":"binary-expr","locations":[{"start":{"line":11,"column":16},"end":{"line":11,"column":33}},{"start":{"line":11,"column":37},"end":{"line":11,"column":39}}],"line":11},"2":{"loc":{"start":{"line":12,"column":21},"end":{"line":12,"column":49}},"type":"binary-expr","locations":[{"start":{"line":12,"column":21},"end":{"line":12,"column":43}},{"start":{"line":12,"column":47},"end":{"line":12,"column":49}}],"line":12},"3":{"loc":{"start":{"line":13,"column":14},"end":{"line":13,"column":35}},"type":"binary-expr","locations":[{"start":{"line":13,"column":14},"end":{"line":13,"column":29}},{"start":{"line":13,"column":33},"end":{"line":13,"column":35}}],"line":13},"4":{"loc":{"start":{"line":14,"column":16},"end":{"line":14,"column":39}},"type":"binary-expr","locations":[{"start":{"line":14,"column":16},"end":{"line":14,"column":33}},{"start":{"line":14,"column":37},"end":{"line":14,"column":39}}],"line":14},"5":{"loc":{"start":{"line":18,"column":19},"end":{"line":18,"column":44}},"type":"binary-expr","locations":[{"start":{"line":18,"column":19},"end":{"line":18,"column":39}},{"start":{"line":18,"column":43},"end":{"line":18,"column":44}}],"line":18},"6":{"loc":{"start":{"line":19,"column":45},"end":{"line":19,"column":70}},"type":"binary-expr","locations":[{"start":{"line":19,"column":45},"end":{"line":19,"column":65}},{"start":{"line":19,"column":69},"end":{"line":19,"column":70}}],"line":19},"7":{"loc":{"start":{"line":22,"column":14},"end":{"line":22,"column":null}},"type":"binary-expr","locations":[{"start":{"line":22,"column":14},"end":{"line":22,"column":29}},{"start":{"line":22,"column":33},"end":{"line":22,"column":null}}],"line":22},"8":{"loc":{"start":{"line":27,"column":45},"end":{"line":27,"column":67}},"type":"default-arg","locations":[{"start":{"line":27,"column":62},"end":{"line":27,"column":67}}],"line":27},"9":{"loc":{"start":{"line":29,"column":2},"end":{"line":31,"column":null}},"type":"if","locations":[{"start":{"line":29,"column":2},"end":{"line":31,"column":null}},{"start":{},"end":{}}],"line":29},"10":{"loc":{"start":{"line":32,"column":2},"end":{"line":34,"column":null}},"type":"if","locations":[{"start":{"line":32,"column":2},"end":{"line":34,"column":null}},{"start":{},"end":{}}],"line":32},"11":{"loc":{"start":{"line":38,"column":53},"end":{"line":38,"column":75}},"type":"default-arg","locations":[{"start":{"line":38,"column":70},"end":{"line":38,"column":75}}],"line":38},"12":{"loc":{"start":{"line":43,"column":2},"end":{"line":43,"column":null}},"type":"if","locations":[{"start":{"line":43,"column":2},"end":{"line":43,"column":null}},{"start":{},"end":{}}],"line":43},"13":{"loc":{"start":{"line":46,"column":31},"end":{"line":46,"column":81}},"type":"cond-expr","locations":[{"start":{"line":46,"column":46},"end":{"line":46,"column":73}},{"start":{"line":46,"column":76},"end":{"line":46,"column":81}}],"line":46},"14":{"loc":{"start":{"line":55,"column":33},"end":{"line":55,"column":55}},"type":"default-arg","locations":[{"start":{"line":55,"column":50},"end":{"line":55,"column":55}}],"line":55},"15":{"loc":{"start":{"line":68,"column":9},"end":{"line":68,"column":35}},"type":"binary-expr","locations":[{"start":{"line":68,"column":9},"end":{"line":68,"column":21}},{"start":{"line":68,"column":25},"end":{"line":68,"column":35}}],"line":68}},"s":{"0":16,"1":16,"2":9,"3":9,"4":8,"5":9,"6":1,"7":9,"8":3,"9":1,"10":0,"11":1,"12":1,"13":1,"14":1,"15":1,"16":8,"17":16,"18":16},"f":{"0":16,"1":9,"2":3,"3":1,"4":0,"5":1,"6":1,"7":8,"8":16},"b":{"0":[16,0],"1":[16,0],"2":[16,0],"3":[16,0],"4":[16,0],"5":[16,0],"6":[16,0],"7":[16,14],"8":[9],"9":[8,1],"10":[1,8],"11":[3],"12":[0,1],"13":[1,0],"14":[8],"15":[16,0]},"meta":{"lastBranch":16,"lastFunction":9,"lastStatement":19,"seen":{"f:6:16:6:30":0,"s:7:19:7:29":0,"s:8:2:24:Infinity":1,"b:10:16:10:33:10:37:10:39":0,"b:11:16:11:33:11:37:11:39":1,"b:12:21:12:43:12:47:12:49":2,"b:13:14:13:29:13:33:13:35":3,"b:14:16:14:33:14:37:14:39":4,"b:18:19:18:39:18:43:18:44":5,"b:19:45:19:65:19:69:19:70":6,"b:22:14:22:29:22:33:22:Infinity":7,"f:27:16:27:35":1,"b:27:62:27:67":8,"s:28:16:28:18":2,"b:29:2:31:Infinity:undefined:undefined:undefined:undefined":9,"s:29:2:31:Infinity":3,"s:30:4:30:Infinity":4,"b:32:2:34:Infinity:undefined:undefined:undefined:undefined":10,"s:32:2:34:Infinity":5,"s:33:4:33:Infinity":6,"s:35:2:35:Infinity":7,"f:38:16:38:39":2,"b:38:70:38:75":11,"s:39:2:39:Infinity":8,"f:42:16:42:36":3,"b:43:2:43:Infinity:undefined:undefined:undefined:undefined":12,"s:43:2:43:Infinity":9,"s:43:37:43:Infinity":10,"f:43:44:43:45":4,"s:45:19:47:3":11,"f:45:19:45:20":5,"s:46:4:46:Infinity":12,"b:46:46:46:73:46:76:46:81":13,"s:49:2:49:Infinity":13,"s:50:2:52:Infinity":14,"f:50:9:50:10":6,"s:51:4:51:Infinity":15,"f:55:16:55:32":7,"b:55:50:55:55":14,"s:56:2:56:Infinity":16,"f:59:9:59:30":8,"s:60:18:67:3":17,"s:68:2:68:Infinity":18,"b:68:9:68:21:68:25:68:35":15},"fnNames":{}}}
}
